<?xml version="1.0" encoding="UTF-8"?>
<!-- Generated by org.testng.reporters.JUnitXMLReporter -->
<testsuite hostname="EPINHYDW1422" ignored="0" name="Default test" tests="1" failures="0" timestamp="18 Nov 2019 05:54:33 GMT" time="0.077" errors="0">
  <testcase name="@BeforeTest setUp" time="0.0" classname="testingframeworks.amazon.testcases.SearchTest">
    <failure type="java.lang.NullPointerException" message="key can&amp;apos;t be null">
      <![CDATA[java.lang.NullPointerException: key can't be null
	at java.lang.System.checkKey(Unknown Source)
	at java.lang.System.setProperty(Unknown Source)
	at testingframeworks.amazon.utilities.DriverFactory.initDriver(DriverFactory.java:43)
	at testingframeworks.amazon.utilities.DriverFactory.getDriver(DriverFactory.java:22)
	at testingframeworks.amazon.testcases.SearchTest.setUp(SearchTest.java:36)
	at sun.reflect.NativeMethodAccessorImpl.invoke0(Native Method)
	at sun.reflect.NativeMethodAccessorImpl.invoke(Unknown Source)
	at sun.reflect.DelegatingMethodAccessorImpl.invoke(Unknown Source)
	at java.lang.reflect.Method.invoke(Unknown Source)
	at org.testng.internal.MethodInvocationHelper.invokeMethod(MethodInvocationHelper.java:104)
	at org.testng.internal.Invoker.invokeConfigurationMethod(Invoker.java:515)
	at org.testng.internal.Invoker.invokeConfigurations(Invoker.java:217)
	at org.testng.internal.Invoker.invokeConfigurations(Invoker.java:144)
	at org.testng.TestRunner.beforeRun(TestRunner.java:634)
	at org.testng.TestRunner.run(TestRunner.java:602)
	at org.testng.SuiteRunner.runTest(SuiteRunner.java:387)
	at org.testng.SuiteRunner.runSequentially(SuiteRunner.java:382)
	at org.testng.SuiteRunner.privateRun(SuiteRunner.java:340)
	at org.testng.SuiteRunner.run(SuiteRunner.java:289)
	at org.testng.SuiteRunnerWorker.runSuite(SuiteRunnerWorker.java:52)
	at org.testng.SuiteRunnerWorker.run(SuiteRunnerWorker.java:86)
	at org.testng.TestNG.runSuitesSequentially(TestNG.java:1293)
	at org.testng.TestNG.runSuitesLocally(TestNG.java:1218)
	at org.testng.TestNG.runSuites(TestNG.java:1133)
	at org.testng.TestNG.run(TestNG.java:1104)
	at org.testng.remote.AbstractRemoteTestNG.run(AbstractRemoteTestNG.java:115)
	at org.testng.remote.RemoteTestNG.initAndRun(RemoteTestNG.java:251)
	at org.testng.remote.RemoteTestNG.main(RemoteTestNG.java:77)
]]>
    </failure>
  </testcase> <!-- @BeforeTest setUp -->
  <testcase name="@AfterTest closeDriver" time="0.0" classname="testingframeworks.amazon.testcases.SearchTest">
    <skipped/>
  </testcase> <!-- @AfterTest closeDriver -->
  <testcase name="searchForAProduct" time="0.019" classname="testingframeworks.amazon.testcases.SearchTest">
    <skipped/>
  </testcase> <!-- searchForAProduct -->
</testsuite> <!-- Default test -->
