<?xml version="1.0" encoding="UTF-8"?>
<!-- Generated by org.testng.reporters.JUnitXMLReporter -->
<testsuite hostname="EPINHYDW1398" ignored="0" name="Command line test" tests="5" failures="0" timestamp="11 Nov 2019 06:21:15 GMT" time="0.012" errors="0">
  <testcase name="@BeforeTest setUp" time="0.0" classname="testingframeworks.amazon.testcases.AddToCartTest">
    <failure type="java.lang.NoClassDefFoundError" message="org/openqa/selenium/remote/SessionNotFoundException">
      <![CDATA[java.lang.NoClassDefFoundError: org/openqa/selenium/remote/SessionNotFoundException
	at testingframeworks.amazon.utilities.DriverFactory.initDriver(DriverFactory.java:33)
	at testingframeworks.amazon.utilities.DriverFactory.getDriver(DriverFactory.java:23)
	at testingframeworks.amazon.testcases.AddToCartTest.setUp(AddToCartTest.java:36)
	at testingframeworks.amazon.runner.Runner.main(Runner.java:33)
Caused by: java.lang.ClassNotFoundException: org.openqa.selenium.remote.SessionNotFoundException
	at java.net.URLClassLoader.findClass(Unknown Source)
	at java.lang.ClassLoader.loadClass(Unknown Source)
	at sun.misc.Launcher$AppClassLoader.loadClass(Unknown Source)
	at java.lang.ClassLoader.loadClass(Unknown Source)
	... 24 more
... Removed 20 stack frames]]>
    </failure>
  </testcase> <!-- @BeforeTest setUp -->
  <testcase name="@BeforeTest setUp" time="0.0" classname="testingframeworks.amazon.testcases.CheckIfUserIsPrime">
    <skipped/>
  </testcase> <!-- @BeforeTest setUp -->
  <testcase name="@BeforeTest setUp" time="0.0" classname="testingframeworks.amazon.testcases.LastOrderTest">
    <skipped/>
  </testcase> <!-- @BeforeTest setUp -->
  <testcase name="@BeforeTest setUp" time="0.0" classname="testingframeworks.amazon.testcases.SearchTest">
    <skipped/>
  </testcase> <!-- @BeforeTest setUp -->
  <testcase name="@BeforeTest setUp" time="0.0" classname="testingframeworks.amazon.testcases.TodaysDealTest">
    <skipped/>
  </testcase> <!-- @BeforeTest setUp -->
  <testcase name="@AfterTest closeDriver" time="0.0" classname="testingframeworks.amazon.testcases.AddToCartTest">
    <skipped/>
  </testcase> <!-- @AfterTest closeDriver -->
  <testcase name="@AfterTest closeDriver" time="0.0" classname="testingframeworks.amazon.testcases.CheckIfUserIsPrime">
    <skipped/>
  </testcase> <!-- @AfterTest closeDriver -->
  <testcase name="@AfterTest closeDriver" time="0.0" classname="testingframeworks.amazon.testcases.LastOrderTest">
    <skipped/>
  </testcase> <!-- @AfterTest closeDriver -->
  <testcase name="@AfterTest closeDriver" time="0.0" classname="testingframeworks.amazon.testcases.TodaysDealTest">
    <skipped/>
  </testcase> <!-- @AfterTest closeDriver -->
  <testcase name="addToCartAndCartTotalCheck" time="0.001" classname="testingframeworks.amazon.testcases.AddToCartTest">
    <skipped/>
  </testcase> <!-- addToCartAndCartTotalCheck -->
  <testcase name="checkIsUserPrime" time="0.001" classname="testingframeworks.amazon.testcases.CheckIfUserIsPrime">
    <skipped/>
  </testcase> <!-- checkIsUserPrime -->
  <testcase name="getLastOrder" time="0.001" classname="testingframeworks.amazon.testcases.LastOrderTest">
    <skipped/>
  </testcase> <!-- getLastOrder -->
  <testcase name="searchForAProduct" time="0.001" classname="testingframeworks.amazon.testcases.SearchTest">
    <skipped/>
  </testcase> <!-- searchForAProduct -->
  <testcase name="getListOfTodaysDeals" time="0.001" classname="testingframeworks.amazon.testcases.TodaysDealTest">
    <skipped/>
  </testcase> <!-- getListOfTodaysDeals -->
</testsuite> <!-- Command line test -->
