<html>
<head>
<title>TestNG:  Command line test</title>
<link href="../testng.css" rel="stylesheet" type="text/css" />
<link href="../my-testng.css" rel="stylesheet" type="text/css" />

<style type="text/css">
.log { display: none;} 
.stack-trace { display: none;} 
</style>
<script type="text/javascript">
<!--
function flip(e) {
  current = e.style.display;
  if (current == 'block') {
    e.style.display = 'none';
    return 0;
  }
  else {
    e.style.display = 'block';
    return 1;
  }
}

function toggleBox(szDivId, elem, msg1, msg2)
{
  var res = -1;  if (document.getElementById) {
    res = flip(document.getElementById(szDivId));
  }
  else if (document.all) {
    // this is the way old msie versions work
    res = flip(document.all[szDivId]);
  }
  if(elem) {
    if(res == 0) elem.innerHTML = msg1; else elem.innerHTML = msg2;
  }

}

function toggleAllBoxes() {
  if (document.getElementsByTagName) {
    d = document.getElementsByTagName('div');
    for (i = 0; i < d.length; i++) {
      if (d[i].className == 'log') {
        flip(d[i]);
      }
    }
  }
}

// -->
</script>

</head>
<body>
<h2 align='center'>Command line test</h2><table border='1' align="center">
<tr>
<td>Tests passed/Failed/Skipped:</td><td>0/0/5</td>
</tr><tr>
<td>Started on:</td><td>Mon Nov 11 11:51:15 IST 2019</td>
</tr>
<tr><td>Total time:</td><td>0 seconds (12 ms)</td>
</tr><tr>
<td>Included groups:</td><td></td>
</tr><tr>
<td>Excluded groups:</td><td></td>
</tr>
</table><p/>
<small><i>(Hover the method name to see the test class name)</i></small><p/>
<table width='100%' border='1' class='invocation-failed'>
<tr><td colspan='4' align='center'><b>FAILED CONFIGURATIONS</b></td></tr>
<tr><td><b>Test method</b></td>
<td width="30%"><b>Exception</b></td>
<td width="10%"><b>Time (seconds)</b></td>
<td><b>Instance</b></td>
</tr>
<tr>
<td title='testingframeworks.amazon.testcases.AddToCartTest.setUp()'><b>setUp</b><br>Test class: testingframeworks.amazon.testcases.AddToCartTest<br>Parameters: org.testng.TestRunner@446293d</td>
<td><div><pre>java.lang.NoClassDefFoundError: org/openqa/selenium/remote/SessionNotFoundException
	at testingframeworks.amazon.utilities.DriverFactory.initDriver(DriverFactory.java:33)
	at testingframeworks.amazon.utilities.DriverFactory.getDriver(DriverFactory.java:23)
	at testingframeworks.amazon.testcases.AddToCartTest.setUp(AddToCartTest.java:36)
	at testingframeworks.amazon.runner.Runner.main(Runner.java:33)
Caused by: java.lang.ClassNotFoundException: org.openqa.selenium.remote.SessionNotFoundException
	at java.net.URLClassLoader.findClass(Unknown Source)
	at java.lang.ClassLoader.loadClass(Unknown Source)
	at sun.misc.Launcher$AppClassLoader.loadClass(Unknown Source)
	at java.lang.ClassLoader.loadClass(Unknown Source)
	... 24 more
... Removed 20 stack frames</pre></div><a href='#' onClick='toggleBox("stack-trace1105322512", this, "Click to show all stack frames", "Click to hide stack frames")'>Click to show all stack frames</a>
<div class='stack-trace' id='stack-trace1105322512'><pre>java.lang.NoClassDefFoundError: org/openqa/selenium/remote/SessionNotFoundException
	at testingframeworks.amazon.utilities.DriverFactory.initDriver(DriverFactory.java:33)
	at testingframeworks.amazon.utilities.DriverFactory.getDriver(DriverFactory.java:23)
	at testingframeworks.amazon.testcases.AddToCartTest.setUp(AddToCartTest.java:36)
	at sun.reflect.NativeMethodAccessorImpl.invoke0(Native Method)
	at sun.reflect.NativeMethodAccessorImpl.invoke(Unknown Source)
	at sun.reflect.DelegatingMethodAccessorImpl.invoke(Unknown Source)
	at java.lang.reflect.Method.invoke(Unknown Source)
	at org.testng.internal.MethodInvocationHelper.invokeMethod(MethodInvocationHelper.java:104)
	at org.testng.internal.Invoker.invokeConfigurationMethod(Invoker.java:515)
	at org.testng.internal.Invoker.invokeConfigurations(Invoker.java:217)
	at org.testng.internal.Invoker.invokeConfigurations(Invoker.java:144)
	at org.testng.TestRunner.beforeRun(TestRunner.java:634)
	at org.testng.TestRunner.run(TestRunner.java:602)
	at org.testng.SuiteRunner.runTest(SuiteRunner.java:387)
	at org.testng.SuiteRunner.runSequentially(SuiteRunner.java:382)
	at org.testng.SuiteRunner.privateRun(SuiteRunner.java:340)
	at org.testng.SuiteRunner.run(SuiteRunner.java:289)
	at org.testng.SuiteRunnerWorker.runSuite(SuiteRunnerWorker.java:52)
	at org.testng.SuiteRunnerWorker.run(SuiteRunnerWorker.java:86)
	at org.testng.TestNG.runSuitesSequentially(TestNG.java:1293)
	at org.testng.TestNG.runSuitesLocally(TestNG.java:1218)
	at org.testng.TestNG.runSuites(TestNG.java:1133)
	at org.testng.TestNG.run(TestNG.java:1104)
	at testingframeworks.amazon.runner.Runner.main(Runner.java:33)
Caused by: java.lang.ClassNotFoundException: org.openqa.selenium.remote.SessionNotFoundException
	at java.net.URLClassLoader.findClass(Unknown Source)
	at java.lang.ClassLoader.loadClass(Unknown Source)
	at sun.misc.Launcher$AppClassLoader.loadClass(Unknown Source)
	at java.lang.ClassLoader.loadClass(Unknown Source)
	... 24 more
</pre></div></td>
<td>0</td>
<td>null</td></tr>
</table><p>
<table width='100%' border='1' class='invocation-skipped'>
<tr><td colspan='4' align='center'><b>SKIPPED CONFIGURATIONS</b></td></tr>
<tr><td><b>Test method</b></td>
<td width="30%"><b>Exception</b></td>
<td width="10%"><b>Time (seconds)</b></td>
<td><b>Instance</b></td>
</tr>
<tr>
<td title='testingframeworks.amazon.testcases.AddToCartTest.setUp()'><b>setUp</b><br>Test class: testingframeworks.amazon.testcases.AddToCartTest</td>
<td></td>
<td>0</td>
<td>null</td></tr>
<tr>
<td title='testingframeworks.amazon.testcases.AddToCartTest.setUp()'><b>setUp</b><br>Test class: testingframeworks.amazon.testcases.AddToCartTest</td>
<td></td>
<td>0</td>
<td>null</td></tr>
<tr>
<td title='testingframeworks.amazon.testcases.AddToCartTest.setUp()'><b>setUp</b><br>Test class: testingframeworks.amazon.testcases.AddToCartTest</td>
<td></td>
<td>0</td>
<td>null</td></tr>
<tr>
<td title='testingframeworks.amazon.testcases.AddToCartTest.setUp()'><b>setUp</b><br>Test class: testingframeworks.amazon.testcases.AddToCartTest</td>
<td></td>
<td>0</td>
<td>null</td></tr>
<tr>
<td title='testingframeworks.amazon.testcases.AddToCartTest.closeDriver()'><b>closeDriver</b><br>Test class: testingframeworks.amazon.testcases.AddToCartTest</td>
<td></td>
<td>0</td>
<td>null</td></tr>
<tr>
<td title='testingframeworks.amazon.testcases.AddToCartTest.closeDriver()'><b>closeDriver</b><br>Test class: testingframeworks.amazon.testcases.AddToCartTest</td>
<td></td>
<td>0</td>
<td>null</td></tr>
<tr>
<td title='testingframeworks.amazon.testcases.AddToCartTest.closeDriver()'><b>closeDriver</b><br>Test class: testingframeworks.amazon.testcases.AddToCartTest</td>
<td></td>
<td>0</td>
<td>null</td></tr>
<tr>
<td title='testingframeworks.amazon.testcases.AddToCartTest.closeDriver()'><b>closeDriver</b><br>Test class: testingframeworks.amazon.testcases.AddToCartTest</td>
<td></td>
<td>0</td>
<td>null</td></tr>
</table><p>
<table width='100%' border='1' class='invocation-skipped'>
<tr><td colspan='4' align='center'><b>SKIPPED TESTS</b></td></tr>
<tr><td><b>Test method</b></td>
<td width="30%"><b>Exception</b></td>
<td width="10%"><b>Time (seconds)</b></td>
<td><b>Instance</b></td>
</tr>
<tr>
<td title='testingframeworks.amazon.testcases.AddToCartTest.addToCartAndCartTotalCheck()'><b>addToCartAndCartTotalCheck</b><br>Test class: testingframeworks.amazon.testcases.AddToCartTest</td>
<td><div><pre>java.lang.NoClassDefFoundError: org/openqa/selenium/remote/SessionNotFoundException
	at testingframeworks.amazon.utilities.DriverFactory.initDriver(DriverFactory.java:33)
	at testingframeworks.amazon.utilities.DriverFactory.getDriver(DriverFactory.java:23)
	at testingframeworks.amazon.testcases.AddToCartTest.setUp(AddToCartTest.java:36)
	at testingframeworks.amazon.runner.Runner.main(Runner.java:33)
Caused by: java.lang.ClassNotFoundException: org.openqa.selenium.remote.SessionNotFoundException
	at java.net.URLClassLoader.findClass(Unknown Source)
	at java.lang.ClassLoader.loadClass(Unknown Source)
	at sun.misc.Launcher$AppClassLoader.loadClass(Unknown Source)
	at java.lang.ClassLoader.loadClass(Unknown Source)
	... 24 more
... Removed 20 stack frames</pre></div><a href='#' onClick='toggleBox("stack-trace1932274274", this, "Click to show all stack frames", "Click to hide stack frames")'>Click to show all stack frames</a>
<div class='stack-trace' id='stack-trace1932274274'><pre>java.lang.NoClassDefFoundError: org/openqa/selenium/remote/SessionNotFoundException
	at testingframeworks.amazon.utilities.DriverFactory.initDriver(DriverFactory.java:33)
	at testingframeworks.amazon.utilities.DriverFactory.getDriver(DriverFactory.java:23)
	at testingframeworks.amazon.testcases.AddToCartTest.setUp(AddToCartTest.java:36)
	at sun.reflect.NativeMethodAccessorImpl.invoke0(Native Method)
	at sun.reflect.NativeMethodAccessorImpl.invoke(Unknown Source)
	at sun.reflect.DelegatingMethodAccessorImpl.invoke(Unknown Source)
	at java.lang.reflect.Method.invoke(Unknown Source)
	at org.testng.internal.MethodInvocationHelper.invokeMethod(MethodInvocationHelper.java:104)
	at org.testng.internal.Invoker.invokeConfigurationMethod(Invoker.java:515)
	at org.testng.internal.Invoker.invokeConfigurations(Invoker.java:217)
	at org.testng.internal.Invoker.invokeConfigurations(Invoker.java:144)
	at org.testng.TestRunner.beforeRun(TestRunner.java:634)
	at org.testng.TestRunner.run(TestRunner.java:602)
	at org.testng.SuiteRunner.runTest(SuiteRunner.java:387)
	at org.testng.SuiteRunner.runSequentially(SuiteRunner.java:382)
	at org.testng.SuiteRunner.privateRun(SuiteRunner.java:340)
	at org.testng.SuiteRunner.run(SuiteRunner.java:289)
	at org.testng.SuiteRunnerWorker.runSuite(SuiteRunnerWorker.java:52)
	at org.testng.SuiteRunnerWorker.run(SuiteRunnerWorker.java:86)
	at org.testng.TestNG.runSuitesSequentially(TestNG.java:1293)
	at org.testng.TestNG.runSuitesLocally(TestNG.java:1218)
	at org.testng.TestNG.runSuites(TestNG.java:1133)
	at org.testng.TestNG.run(TestNG.java:1104)
	at testingframeworks.amazon.runner.Runner.main(Runner.java:33)
Caused by: java.lang.ClassNotFoundException: org.openqa.selenium.remote.SessionNotFoundException
	at java.net.URLClassLoader.findClass(Unknown Source)
	at java.lang.ClassLoader.loadClass(Unknown Source)
	at sun.misc.Launcher$AppClassLoader.loadClass(Unknown Source)
	at java.lang.ClassLoader.loadClass(Unknown Source)
	... 24 more
</pre></div></td>
<td>0</td>
<td>testingframeworks.amazon.testcases.AddToCartTest@140c9f39</td></tr>
<tr>
<td title='testingframeworks.amazon.testcases.CheckIfUserIsPrime.checkIsUserPrime()'><b>checkIsUserPrime</b><br>Test class: testingframeworks.amazon.testcases.CheckIfUserIsPrime</td>
<td><div><pre>java.lang.NoClassDefFoundError: org/openqa/selenium/remote/SessionNotFoundException
	at testingframeworks.amazon.utilities.DriverFactory.initDriver(DriverFactory.java:33)
	at testingframeworks.amazon.utilities.DriverFactory.getDriver(DriverFactory.java:23)
	at testingframeworks.amazon.testcases.AddToCartTest.setUp(AddToCartTest.java:36)
	at testingframeworks.amazon.runner.Runner.main(Runner.java:33)
Caused by: java.lang.ClassNotFoundException: org.openqa.selenium.remote.SessionNotFoundException
	at java.net.URLClassLoader.findClass(Unknown Source)
	at java.lang.ClassLoader.loadClass(Unknown Source)
	at sun.misc.Launcher$AppClassLoader.loadClass(Unknown Source)
	at java.lang.ClassLoader.loadClass(Unknown Source)
	... 24 more
... Removed 20 stack frames</pre></div><a href='#' onClick='toggleBox("stack-trace1107217291", this, "Click to show all stack frames", "Click to hide stack frames")'>Click to show all stack frames</a>
<div class='stack-trace' id='stack-trace1107217291'><pre>java.lang.NoClassDefFoundError: org/openqa/selenium/remote/SessionNotFoundException
	at testingframeworks.amazon.utilities.DriverFactory.initDriver(DriverFactory.java:33)
	at testingframeworks.amazon.utilities.DriverFactory.getDriver(DriverFactory.java:23)
	at testingframeworks.amazon.testcases.AddToCartTest.setUp(AddToCartTest.java:36)
	at sun.reflect.NativeMethodAccessorImpl.invoke0(Native Method)
	at sun.reflect.NativeMethodAccessorImpl.invoke(Unknown Source)
	at sun.reflect.DelegatingMethodAccessorImpl.invoke(Unknown Source)
	at java.lang.reflect.Method.invoke(Unknown Source)
	at org.testng.internal.MethodInvocationHelper.invokeMethod(MethodInvocationHelper.java:104)
	at org.testng.internal.Invoker.invokeConfigurationMethod(Invoker.java:515)
	at org.testng.internal.Invoker.invokeConfigurations(Invoker.java:217)
	at org.testng.internal.Invoker.invokeConfigurations(Invoker.java:144)
	at org.testng.TestRunner.beforeRun(TestRunner.java:634)
	at org.testng.TestRunner.run(TestRunner.java:602)
	at org.testng.SuiteRunner.runTest(SuiteRunner.java:387)
	at org.testng.SuiteRunner.runSequentially(SuiteRunner.java:382)
	at org.testng.SuiteRunner.privateRun(SuiteRunner.java:340)
	at org.testng.SuiteRunner.run(SuiteRunner.java:289)
	at org.testng.SuiteRunnerWorker.runSuite(SuiteRunnerWorker.java:52)
	at org.testng.SuiteRunnerWorker.run(SuiteRunnerWorker.java:86)
	at org.testng.TestNG.runSuitesSequentially(TestNG.java:1293)
	at org.testng.TestNG.runSuitesLocally(TestNG.java:1218)
	at org.testng.TestNG.runSuites(TestNG.java:1133)
	at org.testng.TestNG.run(TestNG.java:1104)
	at testingframeworks.amazon.runner.Runner.main(Runner.java:33)
Caused by: java.lang.ClassNotFoundException: org.openqa.selenium.remote.SessionNotFoundException
	at java.net.URLClassLoader.findClass(Unknown Source)
	at java.lang.ClassLoader.loadClass(Unknown Source)
	at sun.misc.Launcher$AppClassLoader.loadClass(Unknown Source)
	at java.lang.ClassLoader.loadClass(Unknown Source)
	... 24 more
</pre></div></td>
<td>0</td>
<td>testingframeworks.amazon.testcases.CheckIfUserIsPrime@4d910fd6</td></tr>
<tr>
<td title='testingframeworks.amazon.testcases.LastOrderTest.getLastOrder()'><b>getLastOrder</b><br>Test class: testingframeworks.amazon.testcases.LastOrderTest</td>
<td><div><pre>java.lang.NoClassDefFoundError: org/openqa/selenium/remote/SessionNotFoundException
	at testingframeworks.amazon.utilities.DriverFactory.initDriver(DriverFactory.java:33)
	at testingframeworks.amazon.utilities.DriverFactory.getDriver(DriverFactory.java:23)
	at testingframeworks.amazon.testcases.AddToCartTest.setUp(AddToCartTest.java:36)
	at testingframeworks.amazon.runner.Runner.main(Runner.java:33)
Caused by: java.lang.ClassNotFoundException: org.openqa.selenium.remote.SessionNotFoundException
	at java.net.URLClassLoader.findClass(Unknown Source)
	at java.lang.ClassLoader.loadClass(Unknown Source)
	at sun.misc.Launcher$AppClassLoader.loadClass(Unknown Source)
	at java.lang.ClassLoader.loadClass(Unknown Source)
	... 24 more
... Removed 20 stack frames</pre></div><a href='#' onClick='toggleBox("stack-trace6444850", this, "Click to show all stack frames", "Click to hide stack frames")'>Click to show all stack frames</a>
<div class='stack-trace' id='stack-trace6444850'><pre>java.lang.NoClassDefFoundError: org/openqa/selenium/remote/SessionNotFoundException
	at testingframeworks.amazon.utilities.DriverFactory.initDriver(DriverFactory.java:33)
	at testingframeworks.amazon.utilities.DriverFactory.getDriver(DriverFactory.java:23)
	at testingframeworks.amazon.testcases.AddToCartTest.setUp(AddToCartTest.java:36)
	at sun.reflect.NativeMethodAccessorImpl.invoke0(Native Method)
	at sun.reflect.NativeMethodAccessorImpl.invoke(Unknown Source)
	at sun.reflect.DelegatingMethodAccessorImpl.invoke(Unknown Source)
	at java.lang.reflect.Method.invoke(Unknown Source)
	at org.testng.internal.MethodInvocationHelper.invokeMethod(MethodInvocationHelper.java:104)
	at org.testng.internal.Invoker.invokeConfigurationMethod(Invoker.java:515)
	at org.testng.internal.Invoker.invokeConfigurations(Invoker.java:217)
	at org.testng.internal.Invoker.invokeConfigurations(Invoker.java:144)
	at org.testng.TestRunner.beforeRun(TestRunner.java:634)
	at org.testng.TestRunner.run(TestRunner.java:602)
	at org.testng.SuiteRunner.runTest(SuiteRunner.java:387)
	at org.testng.SuiteRunner.runSequentially(SuiteRunner.java:382)
	at org.testng.SuiteRunner.privateRun(SuiteRunner.java:340)
	at org.testng.SuiteRunner.run(SuiteRunner.java:289)
	at org.testng.SuiteRunnerWorker.runSuite(SuiteRunnerWorker.java:52)
	at org.testng.SuiteRunnerWorker.run(SuiteRunnerWorker.java:86)
	at org.testng.TestNG.runSuitesSequentially(TestNG.java:1293)
	at org.testng.TestNG.runSuitesLocally(TestNG.java:1218)
	at org.testng.TestNG.runSuites(TestNG.java:1133)
	at org.testng.TestNG.run(TestNG.java:1104)
	at testingframeworks.amazon.runner.Runner.main(Runner.java:33)
Caused by: java.lang.ClassNotFoundException: org.openqa.selenium.remote.SessionNotFoundException
	at java.net.URLClassLoader.findClass(Unknown Source)
	at java.lang.ClassLoader.loadClass(Unknown Source)
	at sun.misc.Launcher$AppClassLoader.loadClass(Unknown Source)
	at java.lang.ClassLoader.loadClass(Unknown Source)
	... 24 more
</pre></div></td>
<td>0</td>
<td>testingframeworks.amazon.testcases.LastOrderTest@26275bef</td></tr>
<tr>
<td title='testingframeworks.amazon.testcases.TodaysDealTest.getListOfTodaysDeals()'><b>getListOfTodaysDeals</b><br>Test class: testingframeworks.amazon.testcases.TodaysDealTest</td>
<td><div><pre>java.lang.NoClassDefFoundError: org/openqa/selenium/remote/SessionNotFoundException
	at testingframeworks.amazon.utilities.DriverFactory.initDriver(DriverFactory.java:33)
	at testingframeworks.amazon.utilities.DriverFactory.getDriver(DriverFactory.java:23)
	at testingframeworks.amazon.testcases.AddToCartTest.setUp(AddToCartTest.java:36)
	at testingframeworks.amazon.runner.Runner.main(Runner.java:33)
Caused by: java.lang.ClassNotFoundException: org.openqa.selenium.remote.SessionNotFoundException
	at java.net.URLClassLoader.findClass(Unknown Source)
	at java.lang.ClassLoader.loadClass(Unknown Source)
	at sun.misc.Launcher$AppClassLoader.loadClass(Unknown Source)
	at java.lang.ClassLoader.loadClass(Unknown Source)
	... 24 more
... Removed 20 stack frames</pre></div><a href='#' onClick='toggleBox("stack-trace509891820", this, "Click to show all stack frames", "Click to hide stack frames")'>Click to show all stack frames</a>
<div class='stack-trace' id='stack-trace509891820'><pre>java.lang.NoClassDefFoundError: org/openqa/selenium/remote/SessionNotFoundException
	at testingframeworks.amazon.utilities.DriverFactory.initDriver(DriverFactory.java:33)
	at testingframeworks.amazon.utilities.DriverFactory.getDriver(DriverFactory.java:23)
	at testingframeworks.amazon.testcases.AddToCartTest.setUp(AddToCartTest.java:36)
	at sun.reflect.NativeMethodAccessorImpl.invoke0(Native Method)
	at sun.reflect.NativeMethodAccessorImpl.invoke(Unknown Source)
	at sun.reflect.DelegatingMethodAccessorImpl.invoke(Unknown Source)
	at java.lang.reflect.Method.invoke(Unknown Source)
	at org.testng.internal.MethodInvocationHelper.invokeMethod(MethodInvocationHelper.java:104)
	at org.testng.internal.Invoker.invokeConfigurationMethod(Invoker.java:515)
	at org.testng.internal.Invoker.invokeConfigurations(Invoker.java:217)
	at org.testng.internal.Invoker.invokeConfigurations(Invoker.java:144)
	at org.testng.TestRunner.beforeRun(TestRunner.java:634)
	at org.testng.TestRunner.run(TestRunner.java:602)
	at org.testng.SuiteRunner.runTest(SuiteRunner.java:387)
	at org.testng.SuiteRunner.runSequentially(SuiteRunner.java:382)
	at org.testng.SuiteRunner.privateRun(SuiteRunner.java:340)
	at org.testng.SuiteRunner.run(SuiteRunner.java:289)
	at org.testng.SuiteRunnerWorker.runSuite(SuiteRunnerWorker.java:52)
	at org.testng.SuiteRunnerWorker.run(SuiteRunnerWorker.java:86)
	at org.testng.TestNG.runSuitesSequentially(TestNG.java:1293)
	at org.testng.TestNG.runSuitesLocally(TestNG.java:1218)
	at org.testng.TestNG.runSuites(TestNG.java:1133)
	at org.testng.TestNG.run(TestNG.java:1104)
	at testingframeworks.amazon.runner.Runner.main(Runner.java:33)
Caused by: java.lang.ClassNotFoundException: org.openqa.selenium.remote.SessionNotFoundException
	at java.net.URLClassLoader.findClass(Unknown Source)
	at java.lang.ClassLoader.loadClass(Unknown Source)
	at sun.misc.Launcher$AppClassLoader.loadClass(Unknown Source)
	at java.lang.ClassLoader.loadClass(Unknown Source)
	... 24 more
</pre></div></td>
<td>0</td>
<td>testingframeworks.amazon.testcases.TodaysDealTest@77eca502</td></tr>
<tr>
<td title='testingframeworks.amazon.testcases.SearchTest.searchForAProduct()'><b>searchForAProduct</b><br>Test class: testingframeworks.amazon.testcases.SearchTest</td>
<td><div><pre>java.lang.NoClassDefFoundError: org/openqa/selenium/remote/SessionNotFoundException
	at testingframeworks.amazon.utilities.DriverFactory.initDriver(DriverFactory.java:33)
	at testingframeworks.amazon.utilities.DriverFactory.getDriver(DriverFactory.java:23)
	at testingframeworks.amazon.testcases.AddToCartTest.setUp(AddToCartTest.java:36)
	at testingframeworks.amazon.runner.Runner.main(Runner.java:33)
Caused by: java.lang.ClassNotFoundException: org.openqa.selenium.remote.SessionNotFoundException
	at java.net.URLClassLoader.findClass(Unknown Source)
	at java.lang.ClassLoader.loadClass(Unknown Source)
	at sun.misc.Launcher$AppClassLoader.loadClass(Unknown Source)
	at java.lang.ClassLoader.loadClass(Unknown Source)
	... 24 more
... Removed 20 stack frames</pre></div><a href='#' onClick='toggleBox("stack-trace1716093734", this, "Click to show all stack frames", "Click to hide stack frames")'>Click to show all stack frames</a>
<div class='stack-trace' id='stack-trace1716093734'><pre>java.lang.NoClassDefFoundError: org/openqa/selenium/remote/SessionNotFoundException
	at testingframeworks.amazon.utilities.DriverFactory.initDriver(DriverFactory.java:33)
	at testingframeworks.amazon.utilities.DriverFactory.getDriver(DriverFactory.java:23)
	at testingframeworks.amazon.testcases.AddToCartTest.setUp(AddToCartTest.java:36)
	at sun.reflect.NativeMethodAccessorImpl.invoke0(Native Method)
	at sun.reflect.NativeMethodAccessorImpl.invoke(Unknown Source)
	at sun.reflect.DelegatingMethodAccessorImpl.invoke(Unknown Source)
	at java.lang.reflect.Method.invoke(Unknown Source)
	at org.testng.internal.MethodInvocationHelper.invokeMethod(MethodInvocationHelper.java:104)
	at org.testng.internal.Invoker.invokeConfigurationMethod(Invoker.java:515)
	at org.testng.internal.Invoker.invokeConfigurations(Invoker.java:217)
	at org.testng.internal.Invoker.invokeConfigurations(Invoker.java:144)
	at org.testng.TestRunner.beforeRun(TestRunner.java:634)
	at org.testng.TestRunner.run(TestRunner.java:602)
	at org.testng.SuiteRunner.runTest(SuiteRunner.java:387)
	at org.testng.SuiteRunner.runSequentially(SuiteRunner.java:382)
	at org.testng.SuiteRunner.privateRun(SuiteRunner.java:340)
	at org.testng.SuiteRunner.run(SuiteRunner.java:289)
	at org.testng.SuiteRunnerWorker.runSuite(SuiteRunnerWorker.java:52)
	at org.testng.SuiteRunnerWorker.run(SuiteRunnerWorker.java:86)
	at org.testng.TestNG.runSuitesSequentially(TestNG.java:1293)
	at org.testng.TestNG.runSuitesLocally(TestNG.java:1218)
	at org.testng.TestNG.runSuites(TestNG.java:1133)
	at org.testng.TestNG.run(TestNG.java:1104)
	at testingframeworks.amazon.runner.Runner.main(Runner.java:33)
Caused by: java.lang.ClassNotFoundException: org.openqa.selenium.remote.SessionNotFoundException
	at java.net.URLClassLoader.findClass(Unknown Source)
	at java.lang.ClassLoader.loadClass(Unknown Source)
	at sun.misc.Launcher$AppClassLoader.loadClass(Unknown Source)
	at java.lang.ClassLoader.loadClass(Unknown Source)
	... 24 more
</pre></div></td>
<td>0</td>
<td>testingframeworks.amazon.testcases.SearchTest@7690781</td></tr>
</table><p>
</body>
</html>