<!DOCTYPE html PUBLIC "-//W3C//DTD XHTML 1.1//EN" "http://www.w3.org/TR/xhtml11/DTD/xhtml11.dtd">
<html xmlns="http://www.w3.org/1999/xhtml"><head><title>TestNG Report</title><style type="text/css">table {margin-bottom:10px;border-collapse:collapse;empty-cells:show}th,td {border:1px solid #009;padding:.25em .5em}th {vertical-align:bottom}td {vertical-align:top}table a {font-weight:bold}.stripe td {background-color: #E6EBF9}.num {text-align:right}.passedodd td {background-color: #3F3}.passedeven td {background-color: #0A0}.skippedodd td {background-color: #DDD}.skippedeven td {background-color: #CCC}.failedodd td,.attn {background-color: #F33}.failedeven td,.stripe .attn {background-color: #D00}.stacktrace {white-space:pre;font-family:monospace}.totop {font-size:85%;text-align:center;border-bottom:2px solid #000}</style></head><body><table><tr><th>Test</th><th># Passed</th><th># Skipped</th><th># Failed</th><th>Time (ms)</th><th>Included Groups</th><th>Excluded Groups</th></tr><tr><th colspan="7">Suite</th></tr><tr><td><a href="#t0">SearchTest</a></td><td class="num">1</td><td class="num">0</td><td class="num">0</td><td class="num">76,115</td><td></td><td></td></tr><tr class="stripe"><td><a href="#t1">CheckIfUserIsPrime</a></td><td class="num">0</td><td class="num">0</td><td class="num attn">1</td><td class="num">77,146</td><td></td><td></td></tr><tr><td><a href="#t2">AddToCartTest</a></td><td class="num">0</td><td class="num">0</td><td class="num attn">1</td><td class="num">76,666</td><td></td><td></td></tr><tr class="stripe"><td><a href="#t3">TodaysDealTest</a></td><td class="num">1</td><td class="num">0</td><td class="num">0</td><td class="num">76,595</td><td></td><td></td></tr><tr><td><a href="#t4">LastOrderTest</a></td><td class="num">1</td><td class="num">0</td><td class="num">0</td><td class="num">77,614</td><td></td><td></td></tr><tr><th colspan="7">Suite</th></tr><tr class="stripe"><td><a href="#t5">SearchTest</a></td><td class="num">1</td><td class="num">0</td><td class="num">0</td><td class="num">37,007</td><td></td><td></td></tr><tr><td><a href="#t6">TodaysDealTest</a></td><td class="num">1</td><td class="num">0</td><td class="num">0</td><td class="num">38,847</td><td></td><td></td></tr><tr class="stripe"><td><a href="#t7">LastOrderTest</a></td><td class="num">1</td><td class="num">0</td><td class="num">0</td><td class="num">41,894</td><td></td><td></td></tr><tr><td><a href="#t8">CheckIfUserIsPrime</a></td><td class="num">0</td><td class="num">0</td><td class="num attn">1</td><td class="num">51,220</td><td></td><td></td></tr><tr class="stripe"><td><a href="#t9">AddToCartTest</a></td><td class="num">0</td><td class="num">0</td><td class="num attn">1</td><td class="num">52,835</td><td></td><td></td></tr><tr><th colspan="7">Suite</th></tr><tr><td><a href="#t10">SearchTest</a></td><td class="num">1</td><td class="num">0</td><td class="num">0</td><td class="num">31,745</td><td></td><td></td></tr><tr class="stripe"><td><a href="#t11">TodaysDealTest</a></td><td class="num">1</td><td class="num">0</td><td class="num">0</td><td class="num">34,238</td><td></td><td></td></tr><tr><td><a href="#t12">AddToCartTest</a></td><td class="num">1</td><td class="num">0</td><td class="num">0</td><td class="num">39,025</td><td></td><td></td></tr><tr class="stripe"><td><a href="#t13">LastOrderTest</a></td><td class="num">0</td><td class="num">0</td><td class="num attn">1</td><td class="num">43,658</td><td></td><td></td></tr><tr><td><a href="#t14">CheckIfUserIsPrime</a></td><td class="num">0</td><td class="num">0</td><td class="num attn">1</td><td class="num">46,907</td><td></td><td></td></tr><tr><th>Total</th><th class="num">9</th><th class="num">0</th><th class="num attn">6</th><th class="num">801,512</th><th colspan="2"></th></tr></table><table><thead><tr><th>Class</th><th>Method</th><th>Start</th><th>Time (ms)</th></tr></thead><tbody><tr><th colspan="4">Suite</th></tr></tbody><tbody id="t0"><tr><th colspan="4">SearchTest &#8212; passed</th></tr><tr class="passedeven"><td rowspan="1">testingframeworks.amazon.testcases.SearchTest</td><td><a href="#m0">searchForAProduct</a></td><td rowspan="1">1574056773623</td><td rowspan="1">14895</td></tr></tbody><tbody id="t1"><tr><th colspan="4">CheckIfUserIsPrime &#8212; failed</th></tr><tr class="failedeven"><td rowspan="1">testingframeworks.amazon.testcases.CheckIfUserIsPrime</td><td><a href="#m1">checkIsUserPrime</a></td><td rowspan="1">1574056777609</td><td rowspan="1">39488</td></tr></tbody><tbody id="t2"><tr><th colspan="4">AddToCartTest &#8212; failed</th></tr><tr class="failedeven"><td rowspan="1">testingframeworks.amazon.testcases.AddToCartTest</td><td><a href="#m2">addToCartAndCartTotalCheck</a></td><td rowspan="1">1574056771713</td><td rowspan="1">30211</td></tr></tbody><tbody id="t3"><tr><th colspan="4">TodaysDealTest &#8212; passed</th></tr><tr class="passedeven"><td rowspan="1">testingframeworks.amazon.testcases.TodaysDealTest</td><td><a href="#m3">getListOfTodaysDeals</a></td><td rowspan="1">1574056772673</td><td rowspan="1">28894</td></tr></tbody><tbody id="t4"><tr><th colspan="4">LastOrderTest &#8212; passed</th></tr><tr class="passedeven"><td rowspan="1">testingframeworks.amazon.testcases.LastOrderTest</td><td><a href="#m4">getLastOrder</a></td><td rowspan="1">1574056769118</td><td rowspan="1">42587</td></tr></tbody><tbody><tr><th colspan="4">Suite</th></tr></tbody><tbody id="t5"><tr><th colspan="4">SearchTest &#8212; passed</th></tr><tr class="passedeven"><td rowspan="1">testingframeworks.amazon.testcases.SearchTest</td><td><a href="#m5">searchForAProduct</a></td><td rowspan="1">1574056853261</td><td rowspan="1">12136</td></tr></tbody><tbody id="t6"><tr><th colspan="4">TodaysDealTest &#8212; passed</th></tr><tr class="passedeven"><td rowspan="1">testingframeworks.amazon.testcases.TodaysDealTest</td><td><a href="#m6">getListOfTodaysDeals</a></td><td rowspan="1">1574056853291</td><td rowspan="1">13974</td></tr></tbody><tbody id="t7"><tr><th colspan="4">LastOrderTest &#8212; passed</th></tr><tr class="passedeven"><td rowspan="1">testingframeworks.amazon.testcases.LastOrderTest</td><td><a href="#m7">getLastOrder</a></td><td rowspan="1">1574056852500</td><td rowspan="1">17596</td></tr></tbody><tbody id="t8"><tr><th colspan="4">CheckIfUserIsPrime &#8212; failed</th></tr><tr class="failedeven"><td rowspan="1">testingframeworks.amazon.testcases.CheckIfUserIsPrime</td><td><a href="#m8">checkIsUserPrime</a></td><td rowspan="1">1574056853936</td><td rowspan="1">24971</td></tr></tbody><tbody id="t9"><tr><th colspan="4">AddToCartTest &#8212; failed</th></tr><tr class="failedeven"><td rowspan="1">testingframeworks.amazon.testcases.AddToCartTest</td><td><a href="#m9">addToCartAndCartTotalCheck</a></td><td rowspan="1">1574056852800</td><td rowspan="1">27800</td></tr></tbody><tbody><tr><th colspan="4">Suite</th></tr></tbody><tbody id="t10"><tr><th colspan="4">SearchTest &#8212; passed</th></tr><tr class="passedeven"><td rowspan="1">testingframeworks.amazon.testcases.SearchTest</td><td><a href="#m10">searchForAProduct</a></td><td rowspan="1">1574056900919</td><td rowspan="1">4107</td></tr></tbody><tbody id="t11"><tr><th colspan="4">TodaysDealTest &#8212; passed</th></tr><tr class="passedeven"><td rowspan="1">testingframeworks.amazon.testcases.TodaysDealTest</td><td><a href="#m11">getListOfTodaysDeals</a></td><td rowspan="1">1574056900250</td><td rowspan="1">11341</td></tr></tbody><tbody id="t12"><tr><th colspan="4">AddToCartTest &#8212; passed</th></tr><tr class="passedeven"><td rowspan="1">testingframeworks.amazon.testcases.AddToCartTest</td><td><a href="#m12">addToCartAndCartTotalCheck</a></td><td rowspan="1">1574056900382</td><td rowspan="1">14846</td></tr></tbody><tbody id="t13"><tr><th colspan="4">LastOrderTest &#8212; failed</th></tr><tr class="failedeven"><td rowspan="1">testingframeworks.amazon.testcases.LastOrderTest</td><td><a href="#m13">getLastOrder</a></td><td rowspan="1">1574056900239</td><td rowspan="1">22110</td></tr></tbody><tbody id="t14"><tr><th colspan="4">CheckIfUserIsPrime &#8212; failed</th></tr><tr class="failedeven"><td rowspan="1">testingframeworks.amazon.testcases.CheckIfUserIsPrime</td><td><a href="#m14">checkIsUserPrime</a></td><td rowspan="1">1574056900437</td><td rowspan="1">25084</td></tr></tbody></table><h2>SearchTest</h2><h3 id="m0">testingframeworks.amazon.testcases.SearchTest#searchForAProduct</h3><table class="result"><tr><th>Messages</th></tr><tr><td><div class="messages">ACTUAL VALUE: true<br/>EXPECTED VALUE: true</div></td></tr></table><p class="totop"><a href="#summary">back to summary</a></p><h2>CheckIfUserIsPrime</h2><h3 id="m1">testingframeworks.amazon.testcases.CheckIfUserIsPrime#checkIsUserPrime</h3><table class="result"><tr><th>Messages</th></tr><tr><td><div class="messages"><img src="C:\Users\Prabhat_Kumar2\Desktop\Amazon12-11-2019\AmazonYashcheckIsUserPrime.png"/></div></td></tr><tr><th>Exception</th></tr><tr><td><div class="stacktrace">org.openqa.selenium.NoSuchElementException: Unable to locate element: //input[@id=&apos;ap_password&apos;]
For documentation on this error, please visit: https://www.seleniumhq.org/exceptions/no_such_element.html
Build info: version: &apos;3.141.59&apos;, revision: &apos;e82be7d358&apos;, time: &apos;2018-11-14T08:17:03&apos;
System info: host: &apos;EPINHYDW1422&apos;, ip: &apos;10.71.12.226&apos;, os.name: &apos;Windows 10&apos;, os.arch: &apos;amd64&apos;, os.version: &apos;10.0&apos;, java.version: &apos;1.8.0_202&apos;
Driver info: org.openqa.selenium.firefox.FirefoxDriver
Capabilities {acceptInsecureCerts: true, browserName: firefox, browserVersion: 70.0.1, javascriptEnabled: true, moz:accessibilityChecks: false, moz:buildID: 20191030021342, moz:geckodriverVersion: 0.24.0, moz:headless: false, moz:processID: 16996, moz:profile: C:\Users\Prabhat_Kumar2\App..., moz:shutdownTimeout: 60000, moz:useNonSpecCompliantPointerOrigin: false, moz:webdriverClick: true, pageLoadStrategy: normal, platform: WINDOWS, platformName: WINDOWS, platformVersion: 10.0, rotatable: false, setWindowRect: true, strictFileInteractability: false, timeouts: {implicit: 0, pageLoad: 300000, script: 30000}, unhandledPromptBehavior: dismiss and notify}
Session ID: 75c0fd13-6d3a-49c2-812d-e04b19d314b3
*** Element info: {Using=xpath, value=//input[@id=&apos;ap_password&apos;]}
	at org.openqa.selenium.remote.http.W3CHttpResponseCodec.createException(W3CHttpResponseCodec.java:187)
	at org.openqa.selenium.remote.http.W3CHttpResponseCodec.decode(W3CHttpResponseCodec.java:122)
	at org.openqa.selenium.remote.http.W3CHttpResponseCodec.decode(W3CHttpResponseCodec.java:49)
	at org.openqa.selenium.remote.HttpCommandExecutor.execute(HttpCommandExecutor.java:158)
	at org.openqa.selenium.remote.service.DriverCommandExecutor.execute(DriverCommandExecutor.java:83)
	at org.openqa.selenium.remote.RemoteWebDriver.execute(RemoteWebDriver.java:552)
	at org.openqa.selenium.remote.RemoteWebDriver.findElement(RemoteWebDriver.java:323)
	at org.openqa.selenium.remote.RemoteWebDriver.findElementByXPath(RemoteWebDriver.java:428)
	at org.openqa.selenium.By$ByXPath.findElement(By.java:353)
	at org.openqa.selenium.remote.RemoteWebDriver.findElement(RemoteWebDriver.java:315)
	at org.openqa.selenium.support.pagefactory.DefaultElementLocator.findElement(DefaultElementLocator.java:69)
	at org.openqa.selenium.support.pagefactory.internal.LocatingElementHandler.invoke(LocatingElementHandler.java:38)
	at com.sun.proxy.$Proxy8.sendKeys(Unknown Source)
	at testingframeworks.amazon.pages.SignInPage.enter(SignInPage.java:30)
	at testingframeworks.amazon.testcases.CheckIfUserIsPrime.checkIsUserPrime(CheckIfUserIsPrime.java:57)
	at java.util.concurrent.FutureTask.run(Unknown Source)
	at java.util.concurrent.ThreadPoolExecutor.runWorker(Unknown Source)
	at java.util.concurrent.ThreadPoolExecutor$Worker.run(Unknown Source)
	at java.lang.Thread.run(Unknown Source)
... Removed 20 stack frames</div></td></tr></table><p class="totop"><a href="#summary">back to summary</a></p><h2>AddToCartTest</h2><h3 id="m2">testingframeworks.amazon.testcases.AddToCartTest#addToCartAndCartTotalCheck</h3><table class="result"><tr><th>Messages</th></tr><tr><td><div class="messages"><img src="C:\Users\Prabhat_Kumar2\Desktop\Amazon12-11-2019\AmazonYashaddToCartAndCartTotalCheck.png"/></div></td></tr><tr><th>Exception</th></tr><tr><td><div class="stacktrace">org.openqa.selenium.NoSuchElementException: Unable to locate element: //a[@id=&apos;hlb-view-cart-announce&apos;]
For documentation on this error, please visit: https://www.seleniumhq.org/exceptions/no_such_element.html
Build info: version: &apos;3.141.59&apos;, revision: &apos;e82be7d358&apos;, time: &apos;2018-11-14T08:17:03&apos;
System info: host: &apos;EPINHYDW1422&apos;, ip: &apos;10.71.12.226&apos;, os.name: &apos;Windows 10&apos;, os.arch: &apos;amd64&apos;, os.version: &apos;10.0&apos;, java.version: &apos;1.8.0_202&apos;
Driver info: org.openqa.selenium.firefox.FirefoxDriver
Capabilities {acceptInsecureCerts: true, browserName: firefox, browserVersion: 70.0.1, javascriptEnabled: true, moz:accessibilityChecks: false, moz:buildID: 20191030021342, moz:geckodriverVersion: 0.24.0, moz:headless: false, moz:processID: 11284, moz:profile: C:\Users\Prabhat_Kumar2\App..., moz:shutdownTimeout: 60000, moz:useNonSpecCompliantPointerOrigin: false, moz:webdriverClick: true, pageLoadStrategy: normal, platform: WINDOWS, platformName: WINDOWS, platformVersion: 10.0, rotatable: false, setWindowRect: true, strictFileInteractability: false, timeouts: {implicit: 0, pageLoad: 300000, script: 30000}, unhandledPromptBehavior: dismiss and notify}
Session ID: bc809588-5a40-43a8-bc12-4729c8057d29
*** Element info: {Using=xpath, value=//a[@id=&apos;hlb-view-cart-announce&apos;]}
	at org.openqa.selenium.remote.http.W3CHttpResponseCodec.createException(W3CHttpResponseCodec.java:187)
	at org.openqa.selenium.remote.http.W3CHttpResponseCodec.decode(W3CHttpResponseCodec.java:122)
	at org.openqa.selenium.remote.http.W3CHttpResponseCodec.decode(W3CHttpResponseCodec.java:49)
	at org.openqa.selenium.remote.HttpCommandExecutor.execute(HttpCommandExecutor.java:158)
	at org.openqa.selenium.remote.service.DriverCommandExecutor.execute(DriverCommandExecutor.java:83)
	at org.openqa.selenium.remote.RemoteWebDriver.execute(RemoteWebDriver.java:552)
	at org.openqa.selenium.remote.RemoteWebDriver.findElement(RemoteWebDriver.java:323)
	at org.openqa.selenium.remote.RemoteWebDriver.findElementByXPath(RemoteWebDriver.java:428)
	at org.openqa.selenium.By$ByXPath.findElement(By.java:353)
	at org.openqa.selenium.remote.RemoteWebDriver.findElement(RemoteWebDriver.java:315)
	at org.openqa.selenium.support.pagefactory.DefaultElementLocator.findElement(DefaultElementLocator.java:69)
	at org.openqa.selenium.support.pagefactory.internal.LocatingElementHandler.invoke(LocatingElementHandler.java:38)
	at com.sun.proxy.$Proxy8.click(Unknown Source)
	at testingframeworks.amazon.pages.ProductPage.goToCart(ProductPage.java:33)
	at testingframeworks.amazon.testcases.AddToCartTest.checkCartTotalValueAndTotalItems(AddToCartTest.java:61)
	at testingframeworks.amazon.testcases.AddToCartTest.addToCartAndCartTotalCheck(AddToCartTest.java:52)
	at java.util.concurrent.FutureTask.run(Unknown Source)
	at java.util.concurrent.ThreadPoolExecutor.runWorker(Unknown Source)
	at java.util.concurrent.ThreadPoolExecutor$Worker.run(Unknown Source)
	at java.lang.Thread.run(Unknown Source)
... Removed 20 stack frames</div></td></tr></table><p class="totop"><a href="#summary">back to summary</a></p><h2>TodaysDealTest</h2><h3 id="m3">testingframeworks.amazon.testcases.TodaysDealTest#getListOfTodaysDeals</h3><table class="result"><tr><th>Messages</th></tr><tr><td><div class="messages">ACTUAL VALUE: true<br/>EXPECTED VALUE: true</div></td></tr></table><p class="totop"><a href="#summary">back to summary</a></p><h2>LastOrderTest</h2><h3 id="m4">testingframeworks.amazon.testcases.LastOrderTest#getLastOrder</h3><table class="result"></table><p class="totop"><a href="#summary">back to summary</a></p><h2>SearchTest</h2><h3 id="m5">testingframeworks.amazon.testcases.SearchTest#searchForAProduct</h3><table class="result"><tr><th>Messages</th></tr><tr><td><div class="messages">ACTUAL VALUE: true<br/>EXPECTED VALUE: true<br/>ACTUAL VALUE: true<br/>EXPECTED VALUE: true</div></td></tr></table><p class="totop"><a href="#summary">back to summary</a></p><h2>TodaysDealTest</h2><h3 id="m6">testingframeworks.amazon.testcases.TodaysDealTest#getListOfTodaysDeals</h3><table class="result"><tr><th>Messages</th></tr><tr><td><div class="messages">ACTUAL VALUE: true<br/>EXPECTED VALUE: true</div></td></tr></table><p class="totop"><a href="#summary">back to summary</a></p><h2>LastOrderTest</h2><h3 id="m7">testingframeworks.amazon.testcases.LastOrderTest#getLastOrder</h3><table class="result"></table><p class="totop"><a href="#summary">back to summary</a></p><h2>CheckIfUserIsPrime</h2><h3 id="m8">testingframeworks.amazon.testcases.CheckIfUserIsPrime#checkIsUserPrime</h3><table class="result"><tr><th>Messages</th></tr><tr><td><div class="messages">ACUTAL VAUE: false<br/>EXPECTED VALUE: true<br/><img src="C:\Users\Prabhat_Kumar2\Desktop\Amazon12-11-2019\AmazonYashcheckIsUserPrime.png"/></div></td></tr><tr><th>Exception</th></tr><tr><td><div class="stacktrace">java.lang.AssertionError: expected [true] but found [false]
	at testingframeworks.amazon.utilities.CustomAssertion.assertTrue(CustomAssertion.java:29)
	at testingframeworks.amazon.testcases.CheckIfUserIsPrime.checkIsUserPrime(CheckIfUserIsPrime.java:61)
	at java.util.concurrent.FutureTask.run(Unknown Source)
	at java.util.concurrent.ThreadPoolExecutor.runWorker(Unknown Source)
	at java.util.concurrent.ThreadPoolExecutor$Worker.run(Unknown Source)
	at java.lang.Thread.run(Unknown Source)
... Removed 20 stack frames</div></td></tr></table><p class="totop"><a href="#summary">back to summary</a></p><h2>AddToCartTest</h2><h3 id="m9">testingframeworks.amazon.testcases.AddToCartTest#addToCartAndCartTotalCheck</h3><table class="result"><tr><th>Messages</th></tr><tr><td><div class="messages"><img src="C:\Users\Prabhat_Kumar2\Desktop\Amazon12-11-2019\AmazonYashaddToCartAndCartTotalCheck.png"/></div></td></tr><tr><th>Exception</th></tr><tr><td><div class="stacktrace">org.openqa.selenium.NoSuchElementException: no such element: Unable to locate element: {&quot;method&quot;:&quot;xpath&quot;,&quot;selector&quot;:&quot;//a[@id=&apos;hlb-view-cart-announce&apos;]&quot;}
  (Session info: chrome=78.0.3904.97)
For documentation on this error, please visit: https://www.seleniumhq.org/exceptions/no_such_element.html
Build info: version: &apos;3.141.59&apos;, revision: &apos;e82be7d358&apos;, time: &apos;2018-11-14T08:17:03&apos;
System info: host: &apos;EPINHYDW1422&apos;, ip: &apos;10.71.12.226&apos;, os.name: &apos;Windows 10&apos;, os.arch: &apos;amd64&apos;, os.version: &apos;10.0&apos;, java.version: &apos;1.8.0_202&apos;
Driver info: org.openqa.selenium.chrome.ChromeDriver
Capabilities {acceptInsecureCerts: false, browserName: chrome, browserVersion: 78.0.3904.97, chrome: {chromedriverVersion: 78.0.3904.70 (edb9c9f3de024..., userDataDir: C:\Users\PRABHA~1\AppData\L...}, goog:chromeOptions: {debuggerAddress: localhost:57386}, javascriptEnabled: true, networkConnectionEnabled: false, pageLoadStrategy: normal, platform: XP, platformName: XP, proxy: Proxy(), setWindowRect: true, strictFileInteractability: false, timeouts: {implicit: 0, pageLoad: 300000, script: 30000}, unhandledPromptBehavior: dismiss and notify}
Session ID: 9f0b529e4eb6ce565ad53497d532d84c
*** Element info: {Using=xpath, value=//a[@id=&apos;hlb-view-cart-announce&apos;]}
	at org.openqa.selenium.remote.http.W3CHttpResponseCodec.createException(W3CHttpResponseCodec.java:187)
	at org.openqa.selenium.remote.http.W3CHttpResponseCodec.decode(W3CHttpResponseCodec.java:122)
	at org.openqa.selenium.remote.http.W3CHttpResponseCodec.decode(W3CHttpResponseCodec.java:49)
	at org.openqa.selenium.remote.HttpCommandExecutor.execute(HttpCommandExecutor.java:158)
	at org.openqa.selenium.remote.service.DriverCommandExecutor.execute(DriverCommandExecutor.java:83)
	at org.openqa.selenium.remote.RemoteWebDriver.execute(RemoteWebDriver.java:552)
	at org.openqa.selenium.remote.RemoteWebDriver.findElement(RemoteWebDriver.java:323)
	at org.openqa.selenium.remote.RemoteWebDriver.findElementByXPath(RemoteWebDriver.java:428)
	at org.openqa.selenium.By$ByXPath.findElement(By.java:353)
	at org.openqa.selenium.remote.RemoteWebDriver.findElement(RemoteWebDriver.java:315)
	at org.openqa.selenium.support.pagefactory.DefaultElementLocator.findElement(DefaultElementLocator.java:69)
	at org.openqa.selenium.support.pagefactory.internal.LocatingElementHandler.invoke(LocatingElementHandler.java:38)
	at com.sun.proxy.$Proxy8.click(Unknown Source)
	at testingframeworks.amazon.pages.ProductPage.goToCart(ProductPage.java:33)
	at testingframeworks.amazon.testcases.AddToCartTest.checkCartTotalValueAndTotalItems(AddToCartTest.java:61)
	at testingframeworks.amazon.testcases.AddToCartTest.addToCartAndCartTotalCheck(AddToCartTest.java:52)
	at java.util.concurrent.FutureTask.run(Unknown Source)
	at java.util.concurrent.ThreadPoolExecutor.runWorker(Unknown Source)
	at java.util.concurrent.ThreadPoolExecutor$Worker.run(Unknown Source)
	at java.lang.Thread.run(Unknown Source)
... Removed 20 stack frames</div></td></tr></table><p class="totop"><a href="#summary">back to summary</a></p><h2>SearchTest</h2><h3 id="m10">testingframeworks.amazon.testcases.SearchTest#searchForAProduct</h3><table class="result"><tr><th>Messages</th></tr><tr><td><div class="messages">ACTUAL VALUE: true<br/>EXPECTED VALUE: true<br/>ACTUAL VALUE: true<br/>EXPECTED VALUE: true</div></td></tr></table><p class="totop"><a href="#summary">back to summary</a></p><h2>TodaysDealTest</h2><h3 id="m11">testingframeworks.amazon.testcases.TodaysDealTest#getListOfTodaysDeals</h3><table class="result"><tr><th>Messages</th></tr><tr><td><div class="messages">ACTUAL VALUE: true<br/>EXPECTED VALUE: true</div></td></tr></table><p class="totop"><a href="#summary">back to summary</a></p><h2>AddToCartTest</h2><h3 id="m12">testingframeworks.amazon.testcases.AddToCartTest#addToCartAndCartTotalCheck</h3><table class="result"><tr><th>Messages</th></tr><tr><td><div class="messages">ACTUAL VALUE: 2<br/>EXPECTED VALUE: 2<br/>ACTUAL VALUE: 109200<br/>EXPECTED VALUE: 109200</div></td></tr></table><p class="totop"><a href="#summary">back to summary</a></p><h2>LastOrderTest</h2><h3 id="m13">testingframeworks.amazon.testcases.LastOrderTest#getLastOrder</h3><table class="result"><tr><th>Messages</th></tr><tr><td><div class="messages"><img src="C:\Users\Prabhat_Kumar2\Desktop\Amazon12-11-2019\AmazonYashgetLastOrder.png"/></div></td></tr><tr><th>Exception</th></tr><tr><td><div class="stacktrace">org.openqa.selenium.NoSuchElementException: Unable to locate element: //input[@id=&apos;ap_password&apos;]
For documentation on this error, please visit: https://www.seleniumhq.org/exceptions/no_such_element.html
Build info: version: &apos;3.141.59&apos;, revision: &apos;e82be7d358&apos;, time: &apos;2018-11-14T08:17:03&apos;
System info: host: &apos;EPINHYDW1422&apos;, ip: &apos;10.71.12.226&apos;, os.name: &apos;Windows 10&apos;, os.arch: &apos;amd64&apos;, os.version: &apos;10.0&apos;, java.version: &apos;1.8.0_202&apos;
Driver info: org.openqa.selenium.firefox.FirefoxDriver
Capabilities {acceptInsecureCerts: true, browserName: firefox, browserVersion: 70.0.1, javascriptEnabled: true, moz:accessibilityChecks: false, moz:buildID: 20191030021342, moz:geckodriverVersion: 0.24.0, moz:headless: true, moz:processID: 11160, moz:profile: C:\Users\Prabhat_Kumar2\App..., moz:shutdownTimeout: 60000, moz:useNonSpecCompliantPointerOrigin: false, moz:webdriverClick: true, pageLoadStrategy: normal, platform: WINDOWS, platformName: WINDOWS, platformVersion: 10.0, rotatable: false, setWindowRect: true, strictFileInteractability: false, timeouts: {implicit: 0, pageLoad: 300000, script: 30000}, unhandledPromptBehavior: dismiss and notify}
Session ID: ba58d3a0-938c-44b1-b6ef-f5dcca51de11
*** Element info: {Using=xpath, value=//input[@id=&apos;ap_password&apos;]}
	at org.openqa.selenium.remote.http.W3CHttpResponseCodec.createException(W3CHttpResponseCodec.java:187)
	at org.openqa.selenium.remote.http.W3CHttpResponseCodec.decode(W3CHttpResponseCodec.java:122)
	at org.openqa.selenium.remote.http.W3CHttpResponseCodec.decode(W3CHttpResponseCodec.java:49)
	at org.openqa.selenium.remote.HttpCommandExecutor.execute(HttpCommandExecutor.java:158)
	at org.openqa.selenium.remote.service.DriverCommandExecutor.execute(DriverCommandExecutor.java:83)
	at org.openqa.selenium.remote.RemoteWebDriver.execute(RemoteWebDriver.java:552)
	at org.openqa.selenium.remote.RemoteWebDriver.findElement(RemoteWebDriver.java:323)
	at org.openqa.selenium.remote.RemoteWebDriver.findElementByXPath(RemoteWebDriver.java:428)
	at org.openqa.selenium.By$ByXPath.findElement(By.java:353)
	at org.openqa.selenium.remote.RemoteWebDriver.findElement(RemoteWebDriver.java:315)
	at org.openqa.selenium.support.pagefactory.DefaultElementLocator.findElement(DefaultElementLocator.java:69)
	at org.openqa.selenium.support.pagefactory.internal.LocatingElementHandler.invoke(LocatingElementHandler.java:38)
	at com.sun.proxy.$Proxy8.sendKeys(Unknown Source)
	at testingframeworks.amazon.pages.SignInPage.enter(SignInPage.java:30)
	at testingframeworks.amazon.testcases.LastOrderTest.getLastOrder(LastOrderTest.java:53)
	at java.util.concurrent.FutureTask.run(Unknown Source)
	at java.util.concurrent.ThreadPoolExecutor.runWorker(Unknown Source)
	at java.util.concurrent.ThreadPoolExecutor$Worker.run(Unknown Source)
	at java.lang.Thread.run(Unknown Source)
... Removed 19 stack frames</div></td></tr></table><p class="totop"><a href="#summary">back to summary</a></p><h2>CheckIfUserIsPrime</h2><h3 id="m14">testingframeworks.amazon.testcases.CheckIfUserIsPrime#checkIsUserPrime</h3><table class="result"><tr><th>Messages</th></tr><tr><td><div class="messages">ACUTAL VAUE: false<br/>EXPECTED VALUE: true<br/><img src="C:\Users\Prabhat_Kumar2\Desktop\Amazon12-11-2019\AmazonYashcheckIsUserPrime.png"/></div></td></tr><tr><th>Exception</th></tr><tr><td><div class="stacktrace">java.lang.AssertionError: expected [true] but found [false]
	at testingframeworks.amazon.utilities.CustomAssertion.assertTrue(CustomAssertion.java:29)
	at testingframeworks.amazon.testcases.CheckIfUserIsPrime.checkIsUserPrime(CheckIfUserIsPrime.java:61)
	at java.util.concurrent.FutureTask.run(Unknown Source)
	at java.util.concurrent.ThreadPoolExecutor.runWorker(Unknown Source)
	at java.util.concurrent.ThreadPoolExecutor$Worker.run(Unknown Source)
	at java.lang.Thread.run(Unknown Source)
... Removed 20 stack frames</div></td></tr></table><p class="totop"><a href="#summary">back to summary</a></p></body></html>